The text file contains activity log for given delivery.

The file location is activity/YYYY.MM.DD/HH/MM.log
and so it contains records written during one minute.

The head of the file contains comment records prefixed with '#'
character:

The first line is the names of the fields:
#1 TIME,STATE,REGID,MSGID,SUBSCRIBER,TTL,SMPP,USERDATA,TEXT
The number following '#' is the version of the file format.

The second line contain the statistics accumulated by
this delivery up to the creation of this file, in the form:
# TOTAL=0,PROC=0,SENT=0,RTRY=0,DLVD=0,FAIL=0,EXPRD=0

The following lines are records one per line, containing the following
fields:
DATETIME,ST,REGID,ID,[RETRY,NEXT,]SUBSCRIBER,TTL,SMPP,USERDATA,TEXT
where
  DATETIME - the datetime of the record in the form YYYYMMDDHHMMSS.
  ST       - message state, a char one of 'N', 'P', 'R', 'D', 'F', 'E',
             for new, proc, retry, dlvd, fail, expired respectively.
  REGID    - region id
  ID       - message id
  RETRY    - retry count (optional, only for retry records)
  NEXT     - how much time to wait until next retry (optional, only for retries)
  SUBSCRIBER - the ISDN
  TTL      - time to live, seconds
  SMPP     - the smpp code
  USERDATA - user data ASCII string
  TEXT     - the escaped text of the messages

Example:
20101028073837,N,0,1,+79137654079,0,0,myfirstmsg,my \"f\" msg\nsee\\later
20101028073837,N,0,2,+79537699490,44,0,thesecondone,the unbound message
20101028073838,P,0,1,+79137654079,3600,0,myfirstmsg,my \"f\" msg\nsee\\later
20101028073838,P,0,2,+79537699490,3600,0,thesecondone,the unbound message
20101028073843,F,0,2,+79537699490,0,1025,thesecondone,the unbound message
20101028073843,D,0,1,+79137654079,0,0,myfirstmsg,my \"f\" msg\nsee\\later
