
An unexpected exception has been detected in native code outside the VM.
Unexpected Signal : 11 occurred at PC=0x48862C98
Function=[Unknown.]
Library=(N/A)

NOTE: We are unable to locate the function name symbol for the error
      just occurred. Please refer to release documentation for possible
      reason and solutions.


Current Java thread:
	at java.net.PlainSocketImpl.socketAccept(Native Method)
	at java.net.PlainSocketImpl.accept(PlainSocketImpl.java:353)
	- locked <0x4508bfa8> (a java.net.PlainSocketImpl)
	at java.net.ServerSocket.implAccept(ServerSocket.java:448)
	at java.net.ServerSocket.accept(ServerSocket.java:419)
	at ru.novosoft.smsc.admin.console.Gate.run(Gate.java:44)

Dynamic libraries:
08048000-08056000 r-xp 00000000 08:03 118717     /usr/lib/jvm/java-1.4.2-sun-1.4.2.06/bin/java
08056000-08059000 rwxp 0000d000 08:03 118717     /usr/lib/jvm/java-1.4.2-sun-1.4.2.06/bin/java
08059000-08550000 rwxp 08059000 00:00 0          [heap]
40000000-40015000 r-xp 00000000 08:03 8977       /lib/ld-2.3.5.so
40015000-40017000 rwxp 00014000 08:03 8977       /lib/ld-2.3.5.so
40017000-4001f000 r-xp 00000000 08:03 104092     /usr/lib/jvm/java-1.4.2-sun-1.4.2.06/jre/lib/i386/native_threads/libhpi.so
4001f000-40020000 rwxp 00007000 08:03 104092     /usr/lib/jvm/java-1.4.2-sun-1.4.2.06/jre/lib/i386/native_threads/libhpi.so
40020000-40024000 rwxs 00000000 08:03 123768     /tmp/hsperfdata_root/4577
40024000-4002a000 r-xs 00000000 08:03 9459       /usr/lib/gconv/gconv-modules.cache
4002a000-4002d000 r-xs 00000000 08:03 104004     /usr/lib/jvm/java-1.4.2-sun-1.4.2.06/jre/lib/ext/dnsns.jar
4002e000-4003c000 r-xp 00000000 08:03 9027       /lib/tls/libpthread-2.3.5.so
4003c000-4003e000 rwxp 0000d000 08:03 9027       /lib/tls/libpthread-2.3.5.so
40040000-40042000 r-xp 00000000 08:03 8992       /lib/libdl-2.3.5.so
40042000-40044000 rwxp 00001000 08:03 8992       /lib/libdl-2.3.5.so
40044000-4015d000 r-xp 00000000 08:03 9023       /lib/tls/libc-2.3.5.so
4015d000-4015e000 r-xp 00119000 08:03 9023       /lib/tls/libc-2.3.5.so
4015e000-40161000 rwxp 0011a000 08:03 9023       /lib/tls/libc-2.3.5.so
40164000-40560000 r-xp 00000000 08:03 104068     /usr/lib/jvm/java-1.4.2-sun-1.4.2.06/jre/lib/i386/client/libjvm.so
40560000-4057c000 rwxp 003fb000 08:03 104068     /usr/lib/jvm/java-1.4.2-sun-1.4.2.06/jre/lib/i386/client/libjvm.so
4058e000-405a0000 r-xp 00000000 08:03 8997       /lib/libnsl-2.3.5.so
405a0000-405a2000 rwxp 00011000 08:03 8997       /lib/libnsl-2.3.5.so
405a4000-405c8000 r-xp 00000000 08:03 9025       /lib/tls/libm-2.3.5.so
405c8000-405ca000 rwxp 00023000 08:03 9025       /lib/tls/libm-2.3.5.so
405ca000-405ff000 r-xs 00000000 08:03 83221      /var/run/nscd/passwd
405ff000-4060f000 r-xp 00000000 08:03 104090     /usr/lib/jvm/java-1.4.2-sun-1.4.2.06/jre/lib/i386/libverify.so
4060f000-40611000 rwxp 0000f000 08:03 104090     /usr/lib/jvm/java-1.4.2-sun-1.4.2.06/jre/lib/i386/libverify.so
40611000-40631000 r-xp 00000000 08:03 104078     /usr/lib/jvm/java-1.4.2-sun-1.4.2.06/jre/lib/i386/libjava.so
40631000-40633000 rwxp 0001f000 08:03 104078     /usr/lib/jvm/java-1.4.2-sun-1.4.2.06/jre/lib/i386/libjava.so
40633000-40647000 r-xp 00000000 08:03 104091     /usr/lib/jvm/java-1.4.2-sun-1.4.2.06/jre/lib/i386/libzip.so
40647000-4064a000 rwxp 00013000 08:03 104091     /usr/lib/jvm/java-1.4.2-sun-1.4.2.06/jre/lib/i386/libzip.so
4064a000-4072d000 r-xs 00000000 08:03 156864     /home/artem/Work/smsc/tomcat/common/endorsed/xercesImpl.jar
4072d000-4074c000 r-xs 00000000 08:03 156865     /home/artem/Work/smsc/tomcat/common/endorsed/xmlParserAPIs.jar
4074c000-420f3000 r-xs 00000000 08:03 104143     /usr/lib/jvm/java-1.4.2-sun-1.4.2.06/jre/lib/rt.jar
4213d000-42153000 r-xs 00000000 08:03 104148     /usr/lib/jvm/java-1.4.2-sun-1.4.2.06/jre/lib/sunrsasign.jar
42153000-42230000 r-xs 00000000 08:03 104112     /usr/lib/jvm/java-1.4.2-sun-1.4.2.06/jre/lib/jsse.jar
42230000-42241000 r-xs 00000000 08:03 104111     /usr/lib/jvm/java-1.4.2-sun-1.4.2.06/jre/lib/jce.jar
42241000-4279a000 r-xs 00000000 08:03 103996     /usr/lib/jvm/java-1.4.2-sun-1.4.2.06/jre/lib/charsets.jar
44842000-4484f000 r-xs 00000000 08:03 104007     /usr/lib/jvm/java-1.4.2-sun-1.4.2.06/jre/lib/ext/ldapsec.jar
4484f000-44850000 r-xs 00000000 08:03 160909     /home/artem/Work/smsc/tomcat/common/lib/smsc-tomcat-common.jar
4ca53000-4ca86000 r-xp 00000000 08:03 12217      /usr/lib/locale/ru_RU.utf8/LC_CTYPE
4cc8a000-4cca6000 r-xs 00000000 08:03 104009     /usr/lib/jvm/java-1.4.2-sun-1.4.2.06/jre/lib/ext/sunjce_provider.jar
4cca6000-4cd62000 r-xs 00000000 08:03 104008     /usr/lib/jvm/java-1.4.2-sun-1.4.2.06/jre/lib/ext/localedata.jar
4cd62000-4d23e000 r-xs 00000000 08:03 118750     /usr/lib/jvm/java-1.4.2-sun-1.4.2.06/lib/tools.jar
4d23e000-4d244000 r-xs 00000000 08:03 156823     /home/artem/Work/smsc/tomcat/bin/bootstrap.jar
4d244000-4d247000 r-xs 00000000 08:03 156819     /home/artem/Work/smsc/tomcat/bin/commons-daemon.jar
4d247000-4d24a000 r-xs 00000000 08:03 156847     /home/artem/Work/smsc/tomcat/common/lib/jta.jar
4d24a000-4d256000 r-xs 00000000 08:03 156848     /home/artem/Work/smsc/tomcat/common/lib/activation.jar
4d256000-4d27f000 r-xs 00000000 08:03 156849     /home/artem/Work/smsc/tomcat/common/lib/commons-collections.jar
4d27f000-4d293000 r-xs 00000000 08:03 156850     /home/artem/Work/smsc/tomcat/common/lib/servlet.jar
4d293000-4d295000 r-xs 00000000 08:03 156851     /home/artem/Work/smsc/tomcat/common/lib/jdbc2_0-stdext.jar
4d295000-4d2c2000 r-xs 00000000 08:03 156852     /home/artem/Work/smsc/tomcat/common/lib/jasper-compiler.jar
4d2c2000-4d307000 r-xs 00000000 08:03 156853     /home/artem/Work/smsc/tomcat/common/lib/mail.jar
4d307000-4d320000 r-xs 00000000 08:03 156854     /home/artem/Work/smsc/tomcat/common/lib/jndi.jar
4d320000-4d325000 r-xs 00000000 08:03 156855     /home/artem/Work/smsc/tomcat/common/lib/naming-factory.jar
4d325000-4d337000 r-xs 00000000 08:03 156856     /home/artem/Work/smsc/tomcat/common/lib/jasper-runtime.jar
4d337000-4d341000 r-xs 00000000 08:03 156857     /home/artem/Work/smsc/tomcat/common/lib/naming-resources.jar
4d341000-4d42a000 r-xs 00000000 08:03 156858     /home/artem/Work/smsc/tomcat/common/lib/ant.jar
4d42a000-4d430000 r-xs 00000000 08:03 156859     /home/artem/Work/smsc/tomcat/common/lib/commons-logging-api.jar
4d430000-4d437000 r-xs 00000000 08:03 156860     /home/artem/Work/smsc/tomcat/common/lib/naming-common.jar
4d437000-4d450000 r-xs 00000000 08:03 156861     /home/artem/Work/smsc/tomcat/common/lib/commons-dbcp-1.1.jar
4d450000-4d45a000 r-xs 00000000 08:03 156862     /home/artem/Work/smsc/tomcat/common/lib/commons-pool-1.1.jar
4d45a000-4d45e000 r-xs 00000000 08:03 156870     /home/artem/Work/smsc/tomcat/server/lib/catalina-ant.jar
4d45e000-4d477000 r-xs 00000000 08:03 156871     /home/artem/Work/smsc/tomcat/server/lib/tomcat-jk2.jar
4d477000-4d488000 r-xs 00000000 08:03 156872     /home/artem/Work/smsc/tomcat/server/lib/tomcat-coyote.jar
4d488000-4d4b6000 r-xs 00000000 08:03 156873     /home/artem/Work/smsc/tomcat/server/lib/tomcat-util.jar
4d4b6000-4d4c3000 r-xs 00000000 08:03 156874     /home/artem/Work/smsc/tomcat/server/lib/tomcat-http11.jar
4d4c3000-4d4dd000 r-xs 00000000 08:03 156875     /home/artem/Work/smsc/tomcat/server/lib/jaas.jar
4d4dd000-4d4df000 r-xs 00000000 08:03 156877     /home/artem/Work/smsc/tomcat/server/lib/servlets-common.jar
4d4df000-4d4e1000 r-xs 00000000 08:03 156880     /home/artem/Work/smsc/tomcat/server/lib/servlets-invoker.jar
4d4e1000-4d4e9000 r-xs 00000000 08:03 156881     /home/artem/Work/smsc/tomcat/server/lib/commons-logging.jar
4d4e9000-4d53d000 r-xs 00000000 08:03 156882     /home/artem/Work/smsc/tomcat/server/lib/mx4j-jmx.jar
4d53d000-4d558000 r-xs 00000000 08:03 156883     /home/artem/Work/smsc/tomcat/server/lib/commons-digester.jar
4d558000-4d610000 r-xs 00000000 08:03 156884     /home/artem/Work/smsc/tomcat/server/lib/catalina.jar
4d610000-4d615000 r-xs 00000000 08:03 156885     /home/artem/Work/smsc/tomcat/server/lib/servlets-default.jar
4d615000-4d617000 r-xs 00000000 08:03 154368     /home/artem/Work/smsc/tomcat/server/lib/smsc_tomcat_common.jar
4d617000-4d61d000 r-xs 00000000 08:03 156886     /home/artem/Work/smsc/tomcat/server/lib/commons-fileupload-1.0.jar
4d61d000-4d622000 r-xs 00000000 08:03 156887     /home/artem/Work/smsc/tomcat/server/lib/servlets-manager.jar
4d622000-4d629000 r-xs 00000000 08:03 156888     /home/artem/Work/smsc/tomcat/server/lib/jakarta-regexp-1.3.jar
4d629000-4d62f000 r-xs 00000000 08:03 156889     /home/artem/Work/smsc/tomcat/server/lib/tomcat-warp.jar
4d62f000-4d64a000 r-xs 00000000 08:03 156890     /home/artem/Work/smsc/tomcat/server/lib/commons-modeler.jar
4d64a000-4d65a000 r-xs 00000000 08:03 156891     /home/artem/Work/smsc/tomcat/server/lib/tomcat-jk.jar
4d65a000-4d677000 r-xs 00000000 08:03 156892     /home/artem/Work/smsc/tomcat/server/lib/commons-beanutils.jar
4d677000-4d67d000 r-xs 00000000 08:03 156893     /home/artem/Work/smsc/tomcat/server/lib/servlets-webdav.jar
4d67d000-4d68d000 r-xp 00000000 08:03 104087     /usr/lib/jvm/java-1.4.2-sun-1.4.2.06/jre/lib/i386/libnet.so
4d68d000-4d68e000 rwxp 0000f000 08:03 104087     /usr/lib/jvm/java-1.4.2-sun-1.4.2.06/jre/lib/i386/libnet.so
4d994000-4d99b000 r-xs 00000000 08:03 172175     /home/artem/Work/smsc/exploded/WEB-INF/lib/taglibs-input.jar
4da9d000-4daa3000 r-xp 00000000 08:03 104088     /usr/lib/jvm/java-1.4.2-sun-1.4.2.06/jre/lib/i386/libnio.so
4daa3000-4daa4000 rwxp 00005000 08:03 104088     /usr/lib/jvm/java-1.4.2-sun-1.4.2.06/jre/lib/i386/libnio.so
4dab3000-4dabc000 r-xp 00000000 08:03 9003       /lib/libnss_files-2.3.5.so
4dabc000-4dabe000 rwxp 00008000 08:03 9003       /lib/libnss_files-2.3.5.so
4dabe000-4daf3000 r-xs 00000000 08:03 83223      /var/run/nscd/dbwono6a (deleted)
bfa41000-bfa57000 rwxp bfa41000 00:00 0          [stack]
ffffe000-fffff000 ---p 00000000 00:00 0          [vdso]

Heap at VM Abort:
Heap
 def new generation   total 1088K, used 783K [0x44850000, 0x44970000, 0x44d30000)
  eden space 1024K,  70% used [0x44850000, 0x44903dd0, 0x44950000)
  from space 64K,  99% used [0x44950000, 0x4495fff0, 0x44960000)
  to   space 64K,   0% used [0x44960000, 0x44960000, 0x44970000)
 tenured generation   total 13352K, used 11344K [0x44d30000, 0x45a3a000, 0x48850000)
   the space 13352K,  84% used [0x44d30000, 0x458440a8, 0x45844200, 0x45a3a000)
 compacting perm gen  total 8448K, used 8318K [0x48850000, 0x49090000, 0x4c850000)
   the space 8448K,  98% used [0x48850000, 0x4906f8c8, 0x4906fa00, 0x49090000)

Local Time = Wed Mar  7 00:03:53 2007
Elapsed Time = 5149
#
# The exception above was detected in native code outside the VM
#
# Java VM: Java HotSpot(TM) Client VM (1.4.2_06-b03 mixed mode)
#
