16:28:22,871  INFO main DBSubscriptionDataSource:subscribed:177 - Succesful get subscribed info by address
16:28:22,898  INFO main DBSubscriptionDataSource:subscribed:177 - Succesful get subscribed info by address
16:28:22,911  INFO main DBSubscriptionDataSource:list:142 - Succesful get list of subscription
16:28:22,941 ERROR main SubscriptionResultSet:close:75 - Unable to close connection
java.sql.SQLException: Connection already closed
	at snaq.db.CacheConnection.close(CacheConnection.java:569)
	at storage.impl.SubscriptionResultSet.close(SubscriptionResultSet.java:73)
	at DBDataSourceTester.list(DBDataSourceTester.java:85)
	at sun.reflect.NativeMethodAccessorImpl.invoke0(Native Method)
	at sun.reflect.NativeMethodAccessorImpl.invoke(NativeMethodAccessorImpl.java:39)
	at sun.reflect.DelegatingMethodAccessorImpl.invoke(DelegatingMethodAccessorImpl.java:25)
	at java.lang.reflect.Method.invoke(Method.java:597)
	at org.junit.internal.runners.TestMethod.invoke(TestMethod.java:59)
	at org.junit.internal.runners.MethodRoadie.runTestMethod(MethodRoadie.java:98)
	at org.junit.internal.runners.MethodRoadie$2.run(MethodRoadie.java:79)
	at org.junit.internal.runners.MethodRoadie.runBeforesThenTestThenAfters(MethodRoadie.java:87)
	at org.junit.internal.runners.MethodRoadie.runTest(MethodRoadie.java:77)
	at org.junit.internal.runners.MethodRoadie.run(MethodRoadie.java:42)
	at org.junit.internal.runners.JUnit4ClassRunner.invokeTestMethod(JUnit4ClassRunner.java:88)
	at org.junit.internal.runners.JUnit4ClassRunner.runMethods(JUnit4ClassRunner.java:51)
	at org.junit.internal.runners.JUnit4ClassRunner$1.run(JUnit4ClassRunner.java:44)
	at org.junit.internal.runners.ClassRoadie.runUnprotected(ClassRoadie.java:27)
	at org.junit.internal.runners.ClassRoadie.runProtected(ClassRoadie.java:37)
	at org.junit.internal.runners.JUnit4ClassRunner.run(JUnit4ClassRunner.java:42)
	at org.junit.internal.runners.CompositeRunner.runChildren(CompositeRunner.java:33)
	at org.junit.runners.Suite.access$000(Suite.java:26)
	at org.junit.runners.Suite$1.run(Suite.java:93)
	at org.junit.internal.runners.ClassRoadie.runUnprotected(ClassRoadie.java:27)
	at org.junit.internal.runners.ClassRoadie.runProtected(ClassRoadie.java:37)
	at org.junit.runners.Suite.run(Suite.java:91)
	at com.intellij.rt.junit4.Junit4ClassSuite.run(Junit4ClassSuite.java:85)
	at junit.textui.TestRunner.doRun(TestRunner.java:116)
	at com.intellij.rt.execution.junit.IdeaTestRunner.doRun(IdeaTestRunner.java:65)
	at junit.textui.TestRunner.doRun(TestRunner.java:109)
	at com.intellij.rt.execution.junit.IdeaTestRunner.startRunnerWithArgs(IdeaTestRunner.java:24)
	at com.intellij.rt.execution.junit.JUnitStarter.prepareStreamsAndStart(JUnitStarter.java:118)
	at com.intellij.rt.execution.junit.JUnitStarter.main(JUnitStarter.java:40)
	at sun.reflect.NativeMethodAccessorImpl.invoke0(Native Method)
	at sun.reflect.NativeMethodAccessorImpl.invoke(NativeMethodAccessorImpl.java:39)
	at sun.reflect.DelegatingMethodAccessorImpl.invoke(DelegatingMethodAccessorImpl.java:25)
	at java.lang.reflect.Method.invoke(Method.java:597)
	at com.intellij.rt.execution.application.AppMain.main(AppMain.java:90)
16:28:22,955  INFO main DBSubscriptionDataSource:get:110 - Succesful get subscription+791394899off Tue Sep 30 16:20:02 NOVST 2008 Tue Sep 30 16:20:02 NOVST 2008
16:28:22,967  INFO main DBSubscriptionDataSource:get:110 - Succesful get subscription+7913948999on Tue Sep 30 16:20:01 NOVST 2008
